<?xml version="1.0" encoding="UTF-8"?>
<!-- Generated by org.testng.reporters.JUnitXMLReporter -->
<testsuite hostname="XTREME-U3FCDH0J" name="Default test" tests="3" failures="0" timestamp="5 Feb 2017 15:40:06 GMT" time="0.083" errors="0">
  <testcase name="f" time="0.012" classname="test.TestSearchDiskByName"/>
  <testcase name="f" time="0.009" classname="test.TestSearchDiskByName"/>
  <testcase name="f" time="0.006" classname="test.TestSearchDiskByName"/>
</testsuite> <!-- Default test -->
