<?xml version="1.0" encoding="UTF-8"?>
<testng-results skipped="0" failed="0" total="3" passed="3">
  <reporter-output>
  </reporter-output>
  <suite name="Default suite" duration-ms="83" started-at="2017-02-05T15:40:06Z" finished-at="2017-02-05T15:40:06Z">
    <groups>
    </groups>
    <test name="Default test" duration-ms="83" started-at="2017-02-05T15:40:06Z" finished-at="2017-02-05T15:40:06Z">
      <class name="test.TestSearchDiskByName">
        <test-method status="PASS" signature="beforeTest()[pri:0, instance:test.TestSearchDiskByName@50c87b21]" name="beforeTest" is-config="true" duration-ms="17" started-at="2017-02-05T17:40:06Z" finished-at="2017-02-05T17:40:06Z">
          <reporter-output>
          </reporter-output>
        </test-method> <!-- beforeTest -->
        <test-method status="PASS" signature="f(java.lang.String)[pri:0, instance:test.TestSearchDiskByName@50c87b21]" name="f" duration-ms="12" started-at="2017-02-05T17:40:06Z" data-provider="dp" finished-at="2017-02-05T17:40:06Z">
          <params>
            <param index="0">
              <value>
                <![CDATA[Ruptur]]>
              </value>
            </param>
          </params>
          <reporter-output>
          </reporter-output>
        </test-method> <!-- f -->
        <test-method status="PASS" signature="f(java.lang.String)[pri:0, instance:test.TestSearchDiskByName@50c87b21]" name="f" duration-ms="9" started-at="2017-02-05T17:40:06Z" data-provider="dp" finished-at="2017-02-05T17:40:06Z">
          <params>
            <param index="0">
              <value>
                <![CDATA[ruptur]]>
              </value>
            </param>
          </params>
          <reporter-output>
          </reporter-output>
        </test-method> <!-- f -->
        <test-method status="PASS" signature="f(java.lang.String)[pri:0, instance:test.TestSearchDiskByName@50c87b21]" name="f" duration-ms="6" started-at="2017-02-05T17:40:06Z" data-provider="dp" finished-at="2017-02-05T17:40:06Z">
          <params>
            <param index="0">
              <value>
                <![CDATA[music]]>
              </value>
            </param>
          </params>
          <reporter-output>
          </reporter-output>
        </test-method> <!-- f -->
      </class> <!-- test.TestSearchDiskByName -->
    </test> <!-- Default test -->
  </suite> <!-- Default suite -->
</testng-results>
